<?xml version="1.0" encoding="UTF-8"?>
<testng-results ignored="0" total="2" passed="1" failed="1" skipped="0">
  <reporter-output>
    <line>
      <![CDATA[Click to see screenshot]]>
    </line>
    <line>
      <![CDATA[<a target="_blank" href=Fri_Mar_24_00_19_17_IST_2023.jpg>Screenshot</a>]]>
    </line>
    <line>
      <![CDATA[<br>]]>
    </line>
    <line>
      <![CDATA[<a target="_blank" href=Fri_Mar_24_00_19_17_IST_2023.jpg><img src=Fri_Mar_24_00_19_17_IST_2023.jpg height=300 width=400></img></a>]]>
    </line>
    <line>
      <![CDATA[Click to see screenshot]]>
    </line>
    <line>
      <![CDATA[<a target="_blank" href=Fri_Mar_24_00_19_21_IST_2023.jpg>Screenshot</a>]]>
    </line>
    <line>
      <![CDATA[<br>]]>
    </line>
    <line>
      <![CDATA[<a target="_blank" href=Fri_Mar_24_00_19_21_IST_2023.jpg><img src=Fri_Mar_24_00_19_21_IST_2023.jpg height=300 width=400></img></a>]]>
    </line>
    <line>
      <![CDATA[Click to see screenshot]]>
    </line>
    <line>
      <![CDATA[<a target="_blank" href=Fri_Mar_24_00_19_24_IST_2023.jpg>Screenshot</a>]]>
    </line>
    <line>
      <![CDATA[<br>]]>
    </line>
    <line>
      <![CDATA[<a target="_blank" href=Fri_Mar_24_00_19_24_IST_2023.jpg><img src=Fri_Mar_24_00_19_24_IST_2023.jpg height=300 width=400></img></a>]]>
    </line>
    <line>
      <![CDATA[Click to see screenshot]]>
    </line>
    <line>
      <![CDATA[<a target="_blank" href=Fri_Mar_24_00_19_25_IST_2023.jpg>Screenshot</a>]]>
    </line>
    <line>
      <![CDATA[<br>]]>
    </line>
    <line>
      <![CDATA[<a target="_blank" href=Fri_Mar_24_00_19_25_IST_2023.jpg><img src=Fri_Mar_24_00_19_25_IST_2023.jpg height=300 width=400></img></a>]]>
    </line>
    <line>
      <![CDATA[Click to see screenshot]]>
    </line>
    <line>
      <![CDATA[<a target="_blank" href=Fri_Mar_24_00_19_26_IST_2023.jpg>Screenshot</a>]]>
    </line>
    <line>
      <![CDATA[<br>]]>
    </line>
    <line>
      <![CDATA[<a target="_blank" href=Fri_Mar_24_00_19_26_IST_2023.jpg><img src=Fri_Mar_24_00_19_26_IST_2023.jpg height=300 width=400></img></a>]]>
    </line>
    <line>
      <![CDATA[Click to see screenshot]]>
    </line>
    <line>
      <![CDATA[<a target="_blank" href=Fri_Mar_24_00_19_36_IST_2023.jpg>Screenshot</a>]]>
    </line>
    <line>
      <![CDATA[<br>]]>
    </line>
    <line>
      <![CDATA[<a target="_blank" href=Fri_Mar_24_00_19_36_IST_2023.jpg><img src=Fri_Mar_24_00_19_36_IST_2023.jpg height=300 width=400></img></a>]]>
    </line>
    <line>
      <![CDATA[Click to see screenshot]]>
    </line>
    <line>
      <![CDATA[<a target="_blank" href=Fri_Mar_24_00_19_37_IST_2023.jpg>Screenshot</a>]]>
    </line>
    <line>
      <![CDATA[<br>]]>
    </line>
    <line>
      <![CDATA[<a target="_blank" href=Fri_Mar_24_00_19_37_IST_2023.jpg><img src=Fri_Mar_24_00_19_37_IST_2023.jpg height=300 width=400></img></a>]]>
    </line>
    <line>
      <![CDATA[Click to see screenshot]]>
    </line>
    <line>
      <![CDATA[<a target="_blank" href=Fri_Mar_24_00_19_42_IST_2023.jpg>Screenshot</a>]]>
    </line>
    <line>
      <![CDATA[<br>]]>
    </line>
    <line>
      <![CDATA[<a target="_blank" href=Fri_Mar_24_00_19_42_IST_2023.jpg><img src=Fri_Mar_24_00_19_42_IST_2023.jpg height=300 width=400></img></a>]]>
    </line>
    <line>
      <![CDATA[Click to see screenshot]]>
    </line>
    <line>
      <![CDATA[<a target="_blank" href=Fri_Mar_24_00_19_44_IST_2023.jpg>Screenshot</a>]]>
    </line>
    <line>
      <![CDATA[<br>]]>
    </line>
    <line>
      <![CDATA[<a target="_blank" href=Fri_Mar_24_00_19_44_IST_2023.jpg><img src=Fri_Mar_24_00_19_44_IST_2023.jpg height=300 width=400></img></a>]]>
    </line>
    <line>
      <![CDATA[Click to see screenshot]]>
    </line>
    <line>
      <![CDATA[<a target="_blank" href=Fri_Mar_24_00_19_45_IST_2023.jpg>Screenshot</a>]]>
    </line>
    <line>
      <![CDATA[<br>]]>
    </line>
    <line>
      <![CDATA[<a target="_blank" href=Fri_Mar_24_00_19_45_IST_2023.jpg><img src=Fri_Mar_24_00_19_45_IST_2023.jpg height=300 width=400></img></a>]]>
    </line>
    <line>
      <![CDATA[Click to see screenshot]]>
    </line>
    <line>
      <![CDATA[<a target="_blank" href=Fri_Mar_24_00_19_47_IST_2023.jpg>Screenshot</a>]]>
    </line>
    <line>
      <![CDATA[<br>]]>
    </line>
    <line>
      <![CDATA[<a target="_blank" href=Fri_Mar_24_00_19_47_IST_2023.jpg><img src=Fri_Mar_24_00_19_47_IST_2023.jpg height=300 width=400></img></a>]]>
    </line>
    <line>
      <![CDATA[Click to see screenshot]]>
    </line>
    <line>
      <![CDATA[<a target="_blank" href=Fri_Mar_24_00_19_48_IST_2023.jpg>Screenshot</a>]]>
    </line>
    <line>
      <![CDATA[<br>]]>
    </line>
    <line>
      <![CDATA[<a target="_blank" href=Fri_Mar_24_00_19_48_IST_2023.jpg><img src=Fri_Mar_24_00_19_48_IST_2023.jpg height=300 width=400></img></a>]]>
    </line>
    <line>
      <![CDATA[Click to see screenshot]]>
    </line>
    <line>
      <![CDATA[<a target="_blank" href=Fri_Mar_24_00_19_48_IST_2023.jpg>Screenshot</a>]]>
    </line>
    <line>
      <![CDATA[<br>]]>
    </line>
    <line>
      <![CDATA[<a target="_blank" href=Fri_Mar_24_00_19_48_IST_2023.jpg><img src=Fri_Mar_24_00_19_48_IST_2023.jpg height=300 width=400></img></a>]]>
    </line>
  </reporter-output>
  <suite started-at="2023-03-24T00:18:26 IST" name="Suite" finished-at="2023-03-24T00:19:49 IST" duration-ms="82581">
    <groups>
    </groups>
    <test started-at="2023-03-24T00:18:26 IST" name="All Categories Link Test" finished-at="2023-03-24T00:19:26 IST" duration-ms="60485">
      <class name="patanjaliTestCases.AllCategoriesLinkTest">
        <test-method is-config="true" signature="setUp()[pri:0, instance:patanjaliTestCases.AllCategoriesLinkTest@1acaf3d]" started-at="2023-03-24T00:18:26 IST" name="setUp" finished-at="2023-03-24T00:19:13 IST" duration-ms="47370" status="PASS">
          <reporter-output>
          </reporter-output>
        </test-method> <!-- setUp -->
        <test-method signature="AllCategoryLinksTest()[pri:0, instance:patanjaliTestCases.AllCategoriesLinkTest@1acaf3d]" started-at="2023-03-24T00:19:13 IST" name="AllCategoryLinksTest" finished-at="2023-03-24T00:19:26 IST" duration-ms="12761" status="FAIL">
          <exception class="org.openqa.selenium.ElementNotInteractableException">
            <message>
              <![CDATA[element not interactable: [object HTMLLIElement] has no size and location
  (Session info: chrome=111.0.5563.110)
Build info: version: '3.141.59', revision: 'e82be7d358', time: '2018-11-14T08:17:03'
System info: host: 'MADHUR', ip: '192.168.1.2', os.name: 'Windows 10', os.arch: 'amd64', os.version: '10.0', java.version: '11.0.10'
Driver info: org.openqa.selenium.chrome.ChromeDriver
Capabilities {acceptInsecureCerts: false, browserName: chrome, browserVersion: 111.0.5563.110, chrome: {chromedriverVersion: 111.0.5563.64 (c710e93d5b63..., userDataDir: C:\Users\madhur\AppData\Loc...}, goog:chromeOptions: {debuggerAddress: localhost:57990}, javascriptEnabled: true, networkConnectionEnabled: false, pageLoadStrategy: normal, platform: WINDOWS, platformName: WINDOWS, proxy: Proxy(), setWindowRect: true, strictFileInteractability: false, timeouts: {implicit: 0, pageLoad: 300000, script: 30000}, unhandledPromptBehavior: dismiss and notify, webauthn:extension:credBlob: true, webauthn:extension:largeBlob: true, webauthn:extension:minPinLength: true, webauthn:extension:prf: true, webauthn:virtualAuthenticators: true}
Session ID: 8af73c62e0b4b08f0241a2b2b980e247]]>
            </message>
            <full-stacktrace>
              <![CDATA[org.openqa.selenium.ElementNotInteractableException: element not interactable: [object HTMLLIElement] has no size and location
  (Session info: chrome=111.0.5563.110)
Build info: version: '3.141.59', revision: 'e82be7d358', time: '2018-11-14T08:17:03'
System info: host: 'MADHUR', ip: '192.168.1.2', os.name: 'Windows 10', os.arch: 'amd64', os.version: '10.0', java.version: '11.0.10'
Driver info: org.openqa.selenium.chrome.ChromeDriver
Capabilities {acceptInsecureCerts: false, browserName: chrome, browserVersion: 111.0.5563.110, chrome: {chromedriverVersion: 111.0.5563.64 (c710e93d5b63..., userDataDir: C:\Users\madhur\AppData\Loc...}, goog:chromeOptions: {debuggerAddress: localhost:57990}, javascriptEnabled: true, networkConnectionEnabled: false, pageLoadStrategy: normal, platform: WINDOWS, platformName: WINDOWS, proxy: Proxy(), setWindowRect: true, strictFileInteractability: false, timeouts: {implicit: 0, pageLoad: 300000, script: 30000}, unhandledPromptBehavior: dismiss and notify, webauthn:extension:credBlob: true, webauthn:extension:largeBlob: true, webauthn:extension:minPinLength: true, webauthn:extension:prf: true, webauthn:virtualAuthenticators: true}
Session ID: 8af73c62e0b4b08f0241a2b2b980e247
at java.base/jdk.internal.reflect.NativeConstructorAccessorImpl.newInstance0(Native Method)
at java.base/jdk.internal.reflect.NativeConstructorAccessorImpl.newInstance(NativeConstructorAccessorImpl.java:62)
at java.base/jdk.internal.reflect.DelegatingConstructorAccessorImpl.newInstance(DelegatingConstructorAccessorImpl.java:45)
at java.base/java.lang.reflect.Constructor.newInstance(Constructor.java:490)
at org.openqa.selenium.remote.http.W3CHttpResponseCodec.createException(W3CHttpResponseCodec.java:187)
at org.openqa.selenium.remote.http.W3CHttpResponseCodec.decode(W3CHttpResponseCodec.java:122)
at org.openqa.selenium.remote.http.W3CHttpResponseCodec.decode(W3CHttpResponseCodec.java:49)
at org.openqa.selenium.remote.HttpCommandExecutor.execute(HttpCommandExecutor.java:158)
at org.openqa.selenium.remote.service.DriverCommandExecutor.execute(DriverCommandExecutor.java:83)
at org.openqa.selenium.remote.RemoteWebDriver.execute(RemoteWebDriver.java:552)
at org.openqa.selenium.remote.RemoteWebDriver.perform(RemoteWebDriver.java:618)
at org.openqa.selenium.interactions.Actions$BuiltAction.perform(Actions.java:639)
at patanjaliPageObjects.BasePage.ThreeTierSubMenue(BasePage.java:299)
at patanjaliPageObjects.AllCategories.NaturalHealth(AllCategories.java:26)
at patanjaliTestCases.AllCategoriesLinkTest.AllCategoryLinksTest(AllCategoriesLinkTest.java:14)
at java.base/jdk.internal.reflect.NativeMethodAccessorImpl.invoke0(Native Method)
at java.base/jdk.internal.reflect.NativeMethodAccessorImpl.invoke(NativeMethodAccessorImpl.java:62)
at java.base/jdk.internal.reflect.DelegatingMethodAccessorImpl.invoke(DelegatingMethodAccessorImpl.java:43)
at java.base/java.lang.reflect.Method.invoke(Method.java:566)
at org.testng.internal.MethodInvocationHelper.invokeMethod(MethodInvocationHelper.java:133)
at org.testng.internal.TestInvoker.invokeMethod(TestInvoker.java:598)
at org.testng.internal.TestInvoker.invokeTestMethod(TestInvoker.java:173)
at org.testng.internal.MethodRunner.runInSequence(MethodRunner.java:46)
at org.testng.internal.TestInvoker$MethodInvocationAgent.invoke(TestInvoker.java:824)
at org.testng.internal.TestInvoker.invokeTestMethods(TestInvoker.java:146)
at org.testng.internal.TestMethodWorker.invokeTestMethods(TestMethodWorker.java:146)
at org.testng.internal.TestMethodWorker.run(TestMethodWorker.java:128)
at java.base/java.util.ArrayList.forEach(ArrayList.java:1541)
at org.testng.TestRunner.privateRun(TestRunner.java:794)
at org.testng.TestRunner.run(TestRunner.java:596)
at org.testng.SuiteRunner.runTest(SuiteRunner.java:377)
at org.testng.SuiteRunner.runSequentially(SuiteRunner.java:371)
at org.testng.SuiteRunner.privateRun(SuiteRunner.java:332)
at org.testng.SuiteRunner.run(SuiteRunner.java:276)
at org.testng.SuiteRunnerWorker.runSuite(SuiteRunnerWorker.java:53)
at org.testng.SuiteRunnerWorker.run(SuiteRunnerWorker.java:96)
at org.testng.TestNG.runSuitesSequentially(TestNG.java:1212)
at org.testng.TestNG.runSuitesLocally(TestNG.java:1134)
at org.testng.TestNG.runSuites(TestNG.java:1063)
at org.testng.TestNG.run(TestNG.java:1031)
at org.apache.maven.surefire.testng.TestNGExecutor.run(TestNGExecutor.java:284)
at org.apache.maven.surefire.testng.TestNGXmlTestSuite.execute(TestNGXmlTestSuite.java:75)
at org.apache.maven.surefire.testng.TestNGProvider.invoke(TestNGProvider.java:119)
at org.apache.maven.surefire.booter.ForkedBooter.runSuitesInProcess(ForkedBooter.java:428)
at org.apache.maven.surefire.booter.ForkedBooter.execute(ForkedBooter.java:162)
at org.apache.maven.surefire.booter.ForkedBooter.run(ForkedBooter.java:562)
at org.apache.maven.surefire.booter.ForkedBooter.main(ForkedBooter.java:548)
]]>
            </full-stacktrace>
          </exception> <!-- org.openqa.selenium.ElementNotInteractableException -->
          <reporter-output>
            <line>
              <![CDATA[Click to see screenshot]]>
            </line>
            <line>
              <![CDATA[<a target="_blank" href=Fri_Mar_24_00_19_17_IST_2023.jpg>Screenshot</a>]]>
            </line>
            <line>
              <![CDATA[<br>]]>
            </line>
            <line>
              <![CDATA[<a target="_blank" href=Fri_Mar_24_00_19_17_IST_2023.jpg><img src=Fri_Mar_24_00_19_17_IST_2023.jpg height=300 width=400></img></a>]]>
            </line>
            <line>
              <![CDATA[Click to see screenshot]]>
            </line>
            <line>
              <![CDATA[<a target="_blank" href=Fri_Mar_24_00_19_21_IST_2023.jpg>Screenshot</a>]]>
            </line>
            <line>
              <![CDATA[<br>]]>
            </line>
            <line>
              <![CDATA[<a target="_blank" href=Fri_Mar_24_00_19_21_IST_2023.jpg><img src=Fri_Mar_24_00_19_21_IST_2023.jpg height=300 width=400></img></a>]]>
            </line>
            <line>
              <![CDATA[Click to see screenshot]]>
            </line>
            <line>
              <![CDATA[<a target="_blank" href=Fri_Mar_24_00_19_24_IST_2023.jpg>Screenshot</a>]]>
            </line>
            <line>
              <![CDATA[<br>]]>
            </line>
            <line>
              <![CDATA[<a target="_blank" href=Fri_Mar_24_00_19_24_IST_2023.jpg><img src=Fri_Mar_24_00_19_24_IST_2023.jpg height=300 width=400></img></a>]]>
            </line>
            <line>
              <![CDATA[Click to see screenshot]]>
            </line>
            <line>
              <![CDATA[<a target="_blank" href=Fri_Mar_24_00_19_25_IST_2023.jpg>Screenshot</a>]]>
            </line>
            <line>
              <![CDATA[<br>]]>
            </line>
            <line>
              <![CDATA[<a target="_blank" href=Fri_Mar_24_00_19_25_IST_2023.jpg><img src=Fri_Mar_24_00_19_25_IST_2023.jpg height=300 width=400></img></a>]]>
            </line>
            <line>
              <![CDATA[Click to see screenshot]]>
            </line>
            <line>
              <![CDATA[<a target="_blank" href=Fri_Mar_24_00_19_26_IST_2023.jpg>Screenshot</a>]]>
            </line>
            <line>
              <![CDATA[<br>]]>
            </line>
            <line>
              <![CDATA[<a target="_blank" href=Fri_Mar_24_00_19_26_IST_2023.jpg><img src=Fri_Mar_24_00_19_26_IST_2023.jpg height=300 width=400></img></a>]]>
            </line>
          </reporter-output>
        </test-method> <!-- AllCategoryLinksTest -->
      </class> <!-- patanjaliTestCases.AllCategoriesLinkTest -->
    </test> <!-- All Categories Link Test -->
    <test started-at="2023-03-24T00:19:27 IST" name="Knowledge Base Link Test" finished-at="2023-03-24T00:19:49 IST" duration-ms="21934">
      <class name="patanjaliTestCases.KnowledgeBasePageTest">
        <test-method is-config="true" signature="setUp()[pri:0, instance:patanjaliTestCases.KnowledgeBasePageTest@2ce6c6ec]" started-at="2023-03-24T00:19:27 IST" name="setUp" finished-at="2023-03-24T00:19:34 IST" duration-ms="7840" status="PASS">
          <reporter-output>
          </reporter-output>
        </test-method> <!-- setUp -->
        <test-method signature="KnowledgeBaseLinkTest()[pri:0, instance:patanjaliTestCases.KnowledgeBasePageTest@2ce6c6ec]" started-at="2023-03-24T00:19:34 IST" name="KnowledgeBaseLinkTest" finished-at="2023-03-24T00:19:48 IST" duration-ms="13887" status="PASS">
          <reporter-output>
            <line>
              <![CDATA[Click to see screenshot]]>
            </line>
            <line>
              <![CDATA[<a target="_blank" href=Fri_Mar_24_00_19_36_IST_2023.jpg>Screenshot</a>]]>
            </line>
            <line>
              <![CDATA[<br>]]>
            </line>
            <line>
              <![CDATA[<a target="_blank" href=Fri_Mar_24_00_19_36_IST_2023.jpg><img src=Fri_Mar_24_00_19_36_IST_2023.jpg height=300 width=400></img></a>]]>
            </line>
            <line>
              <![CDATA[Click to see screenshot]]>
            </line>
            <line>
              <![CDATA[<a target="_blank" href=Fri_Mar_24_00_19_37_IST_2023.jpg>Screenshot</a>]]>
            </line>
            <line>
              <![CDATA[<br>]]>
            </line>
            <line>
              <![CDATA[<a target="_blank" href=Fri_Mar_24_00_19_37_IST_2023.jpg><img src=Fri_Mar_24_00_19_37_IST_2023.jpg height=300 width=400></img></a>]]>
            </line>
            <line>
              <![CDATA[Click to see screenshot]]>
            </line>
            <line>
              <![CDATA[<a target="_blank" href=Fri_Mar_24_00_19_42_IST_2023.jpg>Screenshot</a>]]>
            </line>
            <line>
              <![CDATA[<br>]]>
            </line>
            <line>
              <![CDATA[<a target="_blank" href=Fri_Mar_24_00_19_42_IST_2023.jpg><img src=Fri_Mar_24_00_19_42_IST_2023.jpg height=300 width=400></img></a>]]>
            </line>
            <line>
              <![CDATA[Click to see screenshot]]>
            </line>
            <line>
              <![CDATA[<a target="_blank" href=Fri_Mar_24_00_19_44_IST_2023.jpg>Screenshot</a>]]>
            </line>
            <line>
              <![CDATA[<br>]]>
            </line>
            <line>
              <![CDATA[<a target="_blank" href=Fri_Mar_24_00_19_44_IST_2023.jpg><img src=Fri_Mar_24_00_19_44_IST_2023.jpg height=300 width=400></img></a>]]>
            </line>
            <line>
              <![CDATA[Click to see screenshot]]>
            </line>
            <line>
              <![CDATA[<a target="_blank" href=Fri_Mar_24_00_19_45_IST_2023.jpg>Screenshot</a>]]>
            </line>
            <line>
              <![CDATA[<br>]]>
            </line>
            <line>
              <![CDATA[<a target="_blank" href=Fri_Mar_24_00_19_45_IST_2023.jpg><img src=Fri_Mar_24_00_19_45_IST_2023.jpg height=300 width=400></img></a>]]>
            </line>
            <line>
              <![CDATA[Click to see screenshot]]>
            </line>
            <line>
              <![CDATA[<a target="_blank" href=Fri_Mar_24_00_19_47_IST_2023.jpg>Screenshot</a>]]>
            </line>
            <line>
              <![CDATA[<br>]]>
            </line>
            <line>
              <![CDATA[<a target="_blank" href=Fri_Mar_24_00_19_47_IST_2023.jpg><img src=Fri_Mar_24_00_19_47_IST_2023.jpg height=300 width=400></img></a>]]>
            </line>
            <line>
              <![CDATA[Click to see screenshot]]>
            </line>
            <line>
              <![CDATA[<a target="_blank" href=Fri_Mar_24_00_19_48_IST_2023.jpg>Screenshot</a>]]>
            </line>
            <line>
              <![CDATA[<br>]]>
            </line>
            <line>
              <![CDATA[<a target="_blank" href=Fri_Mar_24_00_19_48_IST_2023.jpg><img src=Fri_Mar_24_00_19_48_IST_2023.jpg height=300 width=400></img></a>]]>
            </line>
            <line>
              <![CDATA[Click to see screenshot]]>
            </line>
            <line>
              <![CDATA[<a target="_blank" href=Fri_Mar_24_00_19_48_IST_2023.jpg>Screenshot</a>]]>
            </line>
            <line>
              <![CDATA[<br>]]>
            </line>
            <line>
              <![CDATA[<a target="_blank" href=Fri_Mar_24_00_19_48_IST_2023.jpg><img src=Fri_Mar_24_00_19_48_IST_2023.jpg height=300 width=400></img></a>]]>
            </line>
          </reporter-output>
        </test-method> <!-- KnowledgeBaseLinkTest -->
      </class> <!-- patanjaliTestCases.KnowledgeBasePageTest -->
    </test> <!-- Knowledge Base Link Test -->
  </suite> <!-- Suite -->
</testng-results>
